2021-04-27 11:34:52 - 6087946c99152 - started on 20210427113452
2021-04-27 11:34:52 - 6087946c99152 - saldo idr : 63164
2021-04-27 11:34:52 - 6087946c99152 - processing BTC
2021-04-27 11:34:53 - 6087946c99152 - processing ETH
2021-04-27 11:34:53 - 6087946c99152 - processing BNB
2021-04-27 11:34:53 - 6087946c99152 - processing XRP
2021-04-27 11:34:53 - 6087946c99152 - processing USDT
2021-04-27 11:34:53 - 6087946c99152 - processing ADA
2021-04-27 11:34:53 - 6087946c99152 - Start Buy Order
2021-04-27 11:34:53 - 6087946c99152 - End Buy Order
2021-04-27 11:34:53 - 6087946c99152 - Start SELL Order
2021-04-27 11:34:53 - 6087946c99152 - End SELL Order
2021-04-27 11:34:53 - 6087946c99152 - processing DOT
2021-04-27 11:34:53 - 6087946c99152 - Start Buy Order
2021-04-27 11:34:53 - 6087946c99152 - End Buy Order
2021-04-27 11:34:53 - 6087946c99152 - Start SELL Order
2021-04-27 11:34:53 - 6087946c99152 - End SELL Order
2021-04-27 11:34:53 - 6087946c99152 - processing DOGE
2021-04-27 11:34:54 - 6087946c99152 - Start Buy Order
2021-04-27 11:34:54 - 6087946c99152 - End Buy Order
2021-04-27 11:34:54 - 6087946c99152 - Start SELL Order
2021-04-27 11:34:54 - 6087946c99152 - End SELL Order
2021-04-27 11:34:54 - 6087946c99152 - processing LTC
2021-04-27 11:34:54 - 6087946c99152 - processing UNI
2021-04-27 11:34:54 - 6087946c99152 - processing LINK
2021-04-27 11:34:54 - 6087946c99152 - processing BCH
2021-04-27 11:34:54 - 6087946c99152 - processing XLM
2021-04-27 11:34:55 - 6087946c99152 - Start Buy Order
2021-04-27 11:34:55 - 6087946c99152 - End Buy Order
2021-04-27 11:34:55 - 6087946c99152 - Start SELL Order
2021-04-27 11:34:55 - 6087946c99152 - End SELL Order
2021-04-27 11:34:55 - 6087946c99152 - processing THETA
2021-04-27 11:34:55 - 6087946c99152 - processing USDC
2021-04-27 11:34:55 - 6087946c99152 - processing TEN
2021-04-27 11:34:55 - 6087946c99152 - processing 1INCH
2021-04-27 11:34:55 - 6087946c99152 - processing IOST
2021-04-27 11:34:55 - 6087946c99152 - processing AAVE
2021-04-27 11:34:55 - 6087946c99152 - processing ATOM
2021-04-27 11:34:56 - 6087946c99152 - processing AOA
2021-04-27 11:34:56 - 6087946c99152 - processing CELO
2021-04-27 11:34:56 - 6087946c99152 - processing BTG
2021-04-27 11:34:56 - 6087946c99152 - processing ATT
2021-04-27 11:34:56 - 6087946c99152 - done on 20210427113456
2021-04-27 11:34:56 - 60879470e8af2 - check status mulai
2021-04-27 11:34:56 - 60879470e8af2 - check status selesai
2021-04-27 11:35:27 - 6087948f2f4b4 - started on 20210427113527
2021-04-27 11:35:27 - 6087948f2f4b4 - Failed to get balance from server (response success)
2021-04-27 11:35:27 - 6087948f2f4b4 - processing BTC
2021-04-27 11:35:27 - 6087948f2f4b4 - processing ETH
2021-04-27 11:35:27 - 6087948f2f4b4 - processing BNB
2021-04-27 11:35:27 - 6087948f2f4b4 - processing XRP
2021-04-27 11:35:27 - 6087948f2f4b4 - processing USDT
2021-04-27 11:35:27 - 6087948f2f4b4 - processing ADA
2021-04-27 11:35:28 - 6087948f2f4b4 - Start Buy Order
2021-04-27 11:35:28 - 6087948f2f4b4 - End Buy Order
2021-04-27 11:35:28 - 6087948f2f4b4 - Start SELL Order
2021-04-27 11:35:28 - 6087948f2f4b4 - End SELL Order
2021-04-27 11:35:28 - 6087948f2f4b4 - processing DOT
2021-04-27 11:35:28 - 6087948f2f4b4 - Start Buy Order
2021-04-27 11:35:28 - 6087948f2f4b4 - End Buy Order
2021-04-27 11:35:28 - 6087948f2f4b4 - Start SELL Order
2021-04-27 11:35:28 - 6087948f2f4b4 - End SELL Order
2021-04-27 11:35:28 - 6087948f2f4b4 - processing DOGE
2021-04-27 11:35:28 - 6087948f2f4b4 - Start Buy Order
2021-04-27 11:35:28 - 6087948f2f4b4 - End Buy Order
2021-04-27 11:35:28 - 6087948f2f4b4 - Start SELL Order
2021-04-27 11:35:28 - 6087948f2f4b4 - End SELL Order
2021-04-27 11:35:28 - 6087948f2f4b4 - processing LTC
2021-04-27 11:35:28 - 6087948f2f4b4 - processing UNI
2021-04-27 11:35:28 - 6087948f2f4b4 - processing LINK
2021-04-27 11:35:28 - 6087948f2f4b4 - processing BCH
2021-04-27 11:35:28 - 6087948f2f4b4 - processing XLM
2021-04-27 11:35:28 - 6087948f2f4b4 - Start Buy Order
2021-04-27 11:35:28 - 6087948f2f4b4 - End Buy Order
2021-04-27 11:35:28 - 6087948f2f4b4 - Start SELL Order
2021-04-27 11:35:28 - 6087948f2f4b4 - End SELL Order
2021-04-27 11:35:28 - 6087948f2f4b4 - processing THETA
2021-04-27 11:35:29 - 6087948f2f4b4 - processing USDC
2021-04-27 11:35:29 - 6087948f2f4b4 - processing TEN
2021-04-27 11:35:29 - 6087948f2f4b4 - processing 1INCH
2021-04-27 11:35:29 - 6087948f2f4b4 - processing IOST
2021-04-27 11:35:29 - 6087948f2f4b4 - processing AAVE
2021-04-27 11:35:29 - 6087948f2f4b4 - processing ATOM
2021-04-27 11:35:29 - 6087948f2f4b4 - processing AOA
2021-04-27 11:35:30 - 6087948f2f4b4 - processing CELO
2021-04-27 11:35:30 - 6087948f2f4b4 - processing BTG
2021-04-27 11:35:30 - 6087948f2f4b4 - processing ATT
2021-04-27 11:35:30 - 6087948f2f4b4 - done on 20210427113530
2021-04-27 11:35:30 - 60879492b63c7 - check status mulai
2021-04-27 11:35:30 - 60879492b63c7 - check status selesai
2021-04-27 11:36:01 - 608794b102c93 - started on 20210427113601
2021-04-27 11:36:01 - 608794b102c93 - Failed to get balance from server (response success)
2021-04-27 11:36:01 - 608794b102c93 - processing BTC
2021-04-27 11:36:01 - 608794b102c93 - processing ETH
2021-04-27 11:36:01 - 608794b102c93 - processing BNB
2021-04-27 11:36:01 - 608794b102c93 - processing XRP
2021-04-27 11:36:01 - 608794b102c93 - processing USDT
2021-04-27 11:36:01 - 608794b102c93 - processing ADA
2021-04-27 11:36:02 - 608794b102c93 - Start Buy Order
2021-04-27 11:36:02 - 608794b102c93 - End Buy Order
2021-04-27 11:36:02 - 608794b102c93 - Start SELL Order
2021-04-27 11:36:02 - 608794b102c93 - End SELL Order
2021-04-27 11:36:02 - 608794b102c93 - processing DOT
2021-04-27 11:36:02 - 608794b102c93 - Start Buy Order
2021-04-27 11:36:02 - 608794b102c93 - End Buy Order
2021-04-27 11:36:02 - 608794b102c93 - Start SELL Order
2021-04-27 11:36:02 - 608794b102c93 - End SELL Order
2021-04-27 11:36:02 - 608794b102c93 - processing DOGE
2021-04-27 11:36:02 - 608794b102c93 - Start Buy Order
2021-04-27 11:36:02 - 608794b102c93 - End Buy Order
2021-04-27 11:36:02 - 608794b102c93 - Start SELL Order
2021-04-27 11:36:02 - 608794b102c93 - End SELL Order
2021-04-27 11:36:02 - 608794b102c93 - processing LTC
2021-04-27 11:36:02 - 608794b102c93 - processing UNI
2021-04-27 11:36:02 - 608794b102c93 - processing LINK
2021-04-27 11:36:02 - 608794b102c93 - processing BCH
2021-04-27 11:36:02 - 608794b102c93 - processing XLM
2021-04-27 11:36:03 - 608794b102c93 - Start Buy Order
2021-04-27 11:36:03 - 608794b102c93 - End Buy Order
2021-04-27 11:36:03 - 608794b102c93 - Start SELL Order
2021-04-27 11:36:03 - 608794b102c93 - End SELL Order
2021-04-27 11:36:03 - 608794b102c93 - processing THETA
2021-04-27 11:36:03 - 608794b102c93 - processing USDC
2021-04-27 11:36:03 - 608794b102c93 - processing TEN
2021-04-27 11:36:03 - 608794b102c93 - processing 1INCH
2021-04-27 11:36:03 - 608794b102c93 - processing IOST
2021-04-27 11:36:03 - 608794b102c93 - processing AAVE
2021-04-27 11:36:03 - 608794b102c93 - processing ATOM
2021-04-27 11:36:03 - 608794b102c93 - processing AOA
2021-04-27 11:36:04 - 608794b102c93 - processing CELO
2021-04-27 11:36:04 - 608794b102c93 - processing BTG
2021-04-27 11:36:04 - 608794b102c93 - processing ATT
2021-04-27 11:36:04 - 608794b102c93 - done on 20210427113604
2021-04-27 11:36:04 - 608794b4c9279 - check status mulai
2021-04-27 11:36:04 - 608794b4c9279 - check status selesai
2021-04-27 11:36:35 - 608794d32d72f - started on 20210427113635
2021-04-27 11:36:35 - 608794d32d72f - Failed to get balance from server (response success)
2021-04-27 11:36:35 - 608794d32d72f - processing BTC
2021-04-27 11:36:35 - 608794d32d72f - processing ETH
2021-04-27 11:36:35 - 608794d32d72f - processing BNB
2021-04-27 11:36:35 - 608794d32d72f - processing XRP
2021-04-27 11:36:35 - 608794d32d72f - processing USDT
2021-04-27 11:36:36 - 608794d32d72f - processing ADA
2021-04-27 11:36:36 - 608794d32d72f - Start Buy Order
2021-04-27 11:36:36 - 608794d32d72f - End Buy Order
2021-04-27 11:36:36 - 608794d32d72f - Start SELL Order
2021-04-27 11:36:36 - 608794d32d72f - End SELL Order
2021-04-27 11:36:36 - 608794d32d72f - processing DOT
2021-04-27 11:36:36 - 608794d32d72f - Start Buy Order
2021-04-27 11:36:36 - 608794d32d72f - End Buy Order
2021-04-27 11:36:36 - 608794d32d72f - Start SELL Order
2021-04-27 11:36:36 - 608794d32d72f - End SELL Order
2021-04-27 11:36:36 - 608794d32d72f - processing DOGE
2021-04-27 11:36:36 - 608794d32d72f - Start Buy Order
2021-04-27 11:36:36 - 608794d32d72f - End Buy Order
2021-04-27 11:36:36 - 608794d32d72f - Start SELL Order
2021-04-27 11:36:36 - 608794d32d72f - End SELL Order
2021-04-27 11:36:36 - 608794d32d72f - processing LTC
2021-04-27 11:36:36 - 608794d32d72f - processing UNI
2021-04-27 11:36:36 - 608794d32d72f - processing LINK
2021-04-27 11:36:36 - 608794d32d72f - processing BCH
2021-04-27 11:36:37 - 608794d32d72f - processing XLM
2021-04-27 11:36:37 - 608794d32d72f - Start Buy Order
2021-04-27 11:36:37 - 608794d32d72f - End Buy Order
2021-04-27 11:36:37 - 608794d32d72f - Start SELL Order
2021-04-27 11:36:37 - 608794d32d72f - End SELL Order
2021-04-27 11:36:37 - 608794d32d72f - processing THETA
2021-04-27 11:36:37 - 608794d32d72f - processing USDC
2021-04-27 11:36:37 - 608794d32d72f - processing TEN
2021-04-27 11:36:37 - 608794d32d72f - processing 1INCH
2021-04-27 11:36:37 - 608794d32d72f - processing IOST
2021-04-27 11:36:37 - 608794d32d72f - processing AAVE
2021-04-27 11:36:37 - 608794d32d72f - processing ATOM
2021-04-27 11:36:38 - 608794d32d72f - processing AOA
2021-04-27 11:36:38 - 608794d32d72f - processing CELO
2021-04-27 11:36:38 - 608794d32d72f - processing BTG
2021-04-27 11:36:38 - 608794d32d72f - processing ATT
2021-04-27 11:36:38 - 608794d32d72f - done on 20210427113638
2021-04-27 11:36:39 - 608794d75877e - check status mulai
2021-04-27 11:36:39 - 608794d75877e - check status selesai
2021-04-27 11:37:09 - 608794f5f37c0 - started on 20210427113709
2021-04-27 11:37:10 - 608794f5f37c0 - Failed to get balance from server (response success)
2021-04-27 11:37:10 - 608794f5f37c0 - processing BTC
2021-04-27 11:37:10 - 608794f5f37c0 - processing ETH
2021-04-27 11:37:10 - 608794f5f37c0 - processing BNB
2021-04-27 11:37:10 - 608794f5f37c0 - processing XRP
2021-04-27 11:37:10 - 608794f5f37c0 - processing USDT
2021-04-27 11:37:10 - 608794f5f37c0 - processing ADA
2021-04-27 11:37:10 - 608794f5f37c0 - Start Buy Order
2021-04-27 11:37:10 - 608794f5f37c0 - End Buy Order
2021-04-27 11:37:10 - 608794f5f37c0 - Start SELL Order
2021-04-27 11:37:10 - 608794f5f37c0 - End SELL Order
2021-04-27 11:37:10 - 608794f5f37c0 - processing DOT
2021-04-27 11:37:11 - 608794f5f37c0 - Start Buy Order
2021-04-27 11:37:11 - 608794f5f37c0 - End Buy Order
2021-04-27 11:37:11 - 608794f5f37c0 - Start SELL Order
2021-04-27 11:37:11 - 608794f5f37c0 - End SELL Order
2021-04-27 11:37:11 - 608794f5f37c0 - processing DOGE
2021-04-27 11:37:11 - 608794f5f37c0 - Start Buy Order
2021-04-27 11:37:11 - 608794f5f37c0 - End Buy Order
2021-04-27 11:37:11 - 608794f5f37c0 - Start SELL Order
2021-04-27 11:37:11 - 608794f5f37c0 - End SELL Order
2021-04-27 11:37:11 - 608794f5f37c0 - processing LTC
2021-04-27 11:37:11 - 608794f5f37c0 - processing UNI
2021-04-27 11:37:11 - 608794f5f37c0 - processing LINK
2021-04-27 11:37:11 - 608794f5f37c0 - processing BCH
2021-04-27 11:37:11 - 608794f5f37c0 - processing XLM
2021-04-27 11:37:11 - 608794f5f37c0 - Start Buy Order
2021-04-27 11:37:11 - 608794f5f37c0 - End Buy Order
2021-04-27 11:37:11 - 608794f5f37c0 - Start SELL Order
2021-04-27 11:37:11 - 608794f5f37c0 - End SELL Order
2021-04-27 11:37:11 - 608794f5f37c0 - processing THETA
2021-04-27 11:37:12 - 608794f5f37c0 - processing USDC
2021-04-27 11:37:12 - 608794f5f37c0 - processing TEN
2021-04-27 11:37:12 - 608794f5f37c0 - processing 1INCH
2021-04-27 11:37:12 - 608794f5f37c0 - processing IOST
2021-04-27 11:37:12 - 608794f5f37c0 - processing AAVE
2021-04-27 11:37:12 - 608794f5f37c0 - processing ATOM
2021-04-27 11:37:12 - 608794f5f37c0 - processing AOA
2021-04-27 11:37:13 - 608794f5f37c0 - processing CELO
2021-04-27 11:37:13 - 608794f5f37c0 - processing BTG
2021-04-27 11:37:13 - 608794f5f37c0 - processing ATT
2021-04-27 11:37:13 - 608794f5f37c0 - done on 20210427113713
2021-04-27 11:37:13 - 608794f996155 - check status mulai
2021-04-27 11:37:13 - 608794f996155 - check status selesai
2021-04-27 11:37:43 - 60879517f2ebe - started on 20210427113743
2021-04-27 11:37:44 - 60879517f2ebe - Failed to get balance from server (response success)
2021-04-27 11:37:44 - 60879517f2ebe - processing BTC
2021-04-27 11:37:44 - 60879517f2ebe - processing ETH
2021-04-27 11:37:44 - 60879517f2ebe - processing BNB
2021-04-27 11:37:44 - 60879517f2ebe - processing XRP
2021-04-27 11:37:44 - 60879517f2ebe - processing USDT
2021-04-27 11:37:44 - 60879517f2ebe - processing ADA
2021-04-27 11:37:45 - 60879517f2ebe - Start Buy Order
2021-04-27 11:37:45 - 60879517f2ebe - End Buy Order
2021-04-27 11:37:45 - 60879517f2ebe - Start SELL Order
2021-04-27 11:37:45 - 60879517f2ebe - End SELL Order
2021-04-27 11:37:45 - 60879517f2ebe - processing DOT
2021-04-27 11:37:45 - 60879517f2ebe - Start Buy Order
2021-04-27 11:37:45 - 60879517f2ebe - End Buy Order
2021-04-27 11:37:45 - 60879517f2ebe - Start SELL Order
2021-04-27 11:37:45 - 60879517f2ebe - End SELL Order
2021-04-27 11:37:45 - 60879517f2ebe - processing DOGE
2021-04-27 11:37:45 - 60879517f2ebe - Start Buy Order
2021-04-27 11:37:45 - 60879517f2ebe - End Buy Order
2021-04-27 11:37:45 - 60879517f2ebe - Start SELL Order
2021-04-27 11:37:45 - 60879517f2ebe - End SELL Order
2021-04-27 11:37:45 - 60879517f2ebe - processing LTC
2021-04-27 11:37:45 - 60879517f2ebe - processing UNI
2021-04-27 11:37:45 - 60879517f2ebe - processing LINK
2021-04-27 11:37:45 - 60879517f2ebe - processing BCH
2021-04-27 11:37:46 - 60879517f2ebe - processing XLM
2021-04-27 11:37:46 - 60879517f2ebe - Start Buy Order
2021-04-27 11:37:46 - 60879517f2ebe - End Buy Order
2021-04-27 11:37:46 - 60879517f2ebe - Start SELL Order
2021-04-27 11:37:46 - 60879517f2ebe - End SELL Order
2021-04-27 11:37:46 - 60879517f2ebe - processing THETA
2021-04-27 11:37:46 - 60879517f2ebe - processing USDC
2021-04-27 11:37:46 - 60879517f2ebe - processing TEN
2021-04-27 11:37:46 - 60879517f2ebe - processing 1INCH
2021-04-27 11:37:46 - 60879517f2ebe - processing IOST
2021-04-27 11:37:46 - 60879517f2ebe - processing AAVE
2021-04-27 11:37:46 - 60879517f2ebe - processing ATOM
2021-04-27 11:37:47 - 60879517f2ebe - processing AOA
2021-04-27 11:37:47 - 60879517f2ebe - processing CELO
2021-04-27 11:37:47 - 60879517f2ebe - processing BTG
2021-04-27 11:37:47 - 60879517f2ebe - processing ATT
2021-04-27 11:37:47 - 60879517f2ebe - done on 20210427113747
2021-04-27 11:37:47 - 6087951bed81a - check status mulai
2021-04-27 11:37:47 - 6087951bed81a - check status selesai
